## Footprint report - date 10/01/22 14:31:49
## Created by Pcbnew version kicad (5.1.10)-1
## Unit = mm, Angle = deg.

$BeginDESCRIPTION

$BOARD
upper_left_corner 20.361667 27.042500
lower_right_corner 154.302144 105.292500
$EndBOARD

$MODULE "REF**"
reference "REF**"
value "MountingHole_2.2mm_M2"
footprint "MountingHole:MountingHole_2.2mm_M2"
attribut virtual
position 133.070000 48.100000  orientation 0.00
layer front
$PAD "1"
Shape Circle Layer both
position  0.000000  0.000000  size  2.200000  2.200000  orientation 0.00
drill  2.200000
shape_offset  0.000000  0.000000
$EndPAD
$EndMODULE  REF**

$MODULE "REF**"
reference "REF**"
value "MountingHole_2.2mm_M2"
footprint "MountingHole:MountingHole_2.2mm_M2"
attribut virtual
position 133.070000 89.100000  orientation 0.00
layer front
$PAD "1"
Shape Circle Layer both
position  0.000000  0.000000  size  2.200000  2.200000  orientation 0.00
drill  2.200000
shape_offset  0.000000  0.000000
$EndPAD
$EndMODULE  REF**

$MODULE "REF**"
reference "REF**"
value "MountingHole_2.2mm_M2"
footprint "MountingHole:MountingHole_2.2mm_M2"
attribut virtual
position 48.070000 89.100000  orientation 0.00
layer front
$PAD "1"
Shape Circle Layer both
position  0.000000  0.000000  size  2.200000  2.200000  orientation 0.00
drill  2.200000
shape_offset  0.000000  0.000000
$EndPAD
$EndMODULE  REF**

$MODULE "REF**"
reference "REF**"
value "MountingHole_2.2mm_M2"
footprint "MountingHole:MountingHole_2.2mm_M2"
attribut virtual
position 48.070000 48.100000  orientation 0.00
layer front
$PAD "1"
Shape Circle Layer both
position  0.000000  0.000000  size  2.200000  2.200000  orientation 0.00
drill  2.200000
shape_offset  0.000000  0.000000
$EndPAD
$EndMODULE  REF**

$MODULE "J104"
reference "J104"
value "Screw_Terminal_01x05"
footprint "Connector_PinHeader_1.00mm:PinHeader_1x07_P1.00mm_Vertical_SMD_Pin1Left"
attribut smd
position 119.820000 85.600000  orientation 180.00
layer front
$PAD "6"
Shape Rect Layer front
position  0.875000  2.000000  size  1.750000  0.600000  orientation 0.00
drill  0.000000
shape_offset  0.000000  0.000000
$EndPAD
$PAD "4"
Shape Rect Layer front
position  0.875000  0.000000  size  1.750000  0.600000  orientation 0.00
drill  0.000000
shape_offset  0.000000  0.000000
$EndPAD
$PAD "2"
Shape Rect Layer front
position  0.875000 -2.000000  size  1.750000  0.600000  orientation 0.00
drill  0.000000
shape_offset  0.000000  0.000000
$EndPAD
$PAD "7"
Shape Rect Layer front
position -0.875000  3.000000  size  1.750000  0.600000  orientation 0.00
drill  0.000000
shape_offset  0.000000  0.000000
$EndPAD
$PAD "5"
Shape Rect Layer front
position -0.875000  1.000000  size  1.750000  0.600000  orientation 0.00
drill  0.000000
shape_offset  0.000000  0.000000
$EndPAD
$PAD "3"
Shape Rect Layer front
position -0.875000 -1.000000  size  1.750000  0.600000  orientation 0.00
drill  0.000000
shape_offset  0.000000  0.000000
$EndPAD
$PAD "1"
Shape Rect Layer front
position -0.875000 -3.000000  size  1.750000  0.600000  orientation 0.00
drill  0.000000
shape_offset  0.000000  0.000000
$EndPAD
$EndMODULE  J104

$MODULE "J103"
reference "J103"
value "Screw_Terminal_01x04"
footprint "Connector_PinHeader_1.00mm:PinHeader_1x04_P1.00mm_Vertical_SMD_Pin1Left"
attribut smd
position 109.570000 55.225000  orientation 270.00
layer front
$PAD "4"
Shape Rect Layer front
position  0.875000  1.500000  size  1.750000  0.600000  orientation 0.00
drill  0.000000
shape_offset  0.000000  0.000000
$EndPAD
$PAD "2"
Shape Rect Layer front
position  0.875000 -0.500000  size  1.750000  0.600000  orientation 0.00
drill  0.000000
shape_offset  0.000000  0.000000
$EndPAD
$PAD "3"
Shape Rect Layer front
position -0.875000  0.500000  size  1.750000  0.600000  orientation 0.00
drill  0.000000
shape_offset  0.000000  0.000000
$EndPAD
$PAD "1"
Shape Rect Layer front
position -0.875000 -1.500000  size  1.750000  0.600000  orientation 0.00
drill  0.000000
shape_offset  0.000000  0.000000
$EndPAD
$EndMODULE  J103

$MODULE "C301"
reference "C301"
value "1u"
footprint "Capacitor_SMD:CP_Elec_4x5.3"
attribut smd
position 60.070000 65.100000  orientation 180.00
layer front
$PAD "2"
Shape Roundrect Layer front
position  1.800000  0.000000  size  2.600000  1.600000  orientation 0.00
drill  0.000000
shape_offset  0.000000  0.000000
$EndPAD
$PAD "1"
Shape Roundrect Layer front
position -1.800000  0.000000  size  2.600000  1.600000  orientation 0.00
drill  0.000000
shape_offset  0.000000  0.000000
$EndPAD
$EndMODULE  C301

$MODULE "e"
reference "e"
value "LM2735XMF"
footprint "Package_TO_SOT_SMD:SOT-23-5"
attribut smd
position 94.670000 77.650000  orientation 180.00
layer front
$PAD "5"
Shape Rect Layer front
position  1.100000 -0.950000  size  1.060000  0.650000  orientation 0.00
drill  0.000000
shape_offset  0.000000  0.000000
$EndPAD
$PAD "4"
Shape Rect Layer front
position  1.100000  0.950000  size  1.060000  0.650000  orientation 0.00
drill  0.000000
shape_offset  0.000000  0.000000
$EndPAD
$PAD "3"
Shape Rect Layer front
position -1.100000  0.950000  size  1.060000  0.650000  orientation 0.00
drill  0.000000
shape_offset  0.000000  0.000000
$EndPAD
$PAD "2"
Shape Rect Layer front
position -1.100000  0.000000  size  1.060000  0.650000  orientation 0.00
drill  0.000000
shape_offset  0.000000  0.000000
$EndPAD
$PAD "1"
Shape Rect Layer front
position -1.100000 -0.950000  size  1.060000  0.650000  orientation 0.00
drill  0.000000
shape_offset  0.000000  0.000000
$EndPAD
$EndMODULE  e

$MODULE "U301"
reference "U301"
value "MCP73832T-2ACI_OT"
footprint "IC_Microchip_MCP73832T-2ACI_OT:Microchip-C04-091-OT-0-F-MFG"
attribut none
position 68.070000 55.100000  orientation 180.00
layer front
$PAD "5"
Shape Rect Layer front
position  1.400000 -0.949999  size  1.100000  0.600000  orientation 0.00
drill  0.000000
shape_offset  0.000000  0.000000
$EndPAD
$PAD "4"
Shape Rect Layer front
position  1.400000  0.950001  size  1.100000  0.600000  orientation 0.00
drill  0.000000
shape_offset  0.000000  0.000000
$EndPAD
$PAD "3"
Shape Rect Layer front
position -1.400000  0.950001  size  1.100000  0.600000  orientation 0.00
drill  0.000000
shape_offset  0.000000  0.000000
$EndPAD
$PAD "2"
Shape Rect Layer front
position -1.400000  0.000001  size  1.100000  0.600000  orientation 0.00
drill  0.000000
shape_offset  0.000000  0.000000
$EndPAD
$PAD "1"
Shape Rect Layer front
position -1.400000 -0.949999  size  1.100000  0.600000  orientation 0.00
drill  0.000000
shape_offset  0.000000  0.000000
$EndPAD
$EndMODULE  U301

$MODULE "U203"
reference "U203"
value "OP184FSZ"
footprint "OP184FSZ:SOIC127P600X175-8N"
attribut none
position 101.570000 62.600000  orientation 90.00
layer front
$PAD "8"
Shape Rect Layer front
position  2.463800 -1.905000  size  1.981200  0.558800  orientation 0.00
drill  0.000000
shape_offset  0.000000  0.000000
$EndPAD
$PAD "7"
Shape Rect Layer front
position  2.463800 -0.635000  size  1.981200  0.558800  orientation 0.00
drill  0.000000
shape_offset  0.000000  0.000000
$EndPAD
$PAD "6"
Shape Rect Layer front
position  2.463800  0.635000  size  1.981200  0.558800  orientation 0.00
drill  0.000000
shape_offset  0.000000  0.000000
$EndPAD
$PAD "5"
Shape Rect Layer front
position  2.463800  1.905000  size  1.981200  0.558800  orientation 0.00
drill  0.000000
shape_offset  0.000000  0.000000
$EndPAD
$PAD "4"
Shape Rect Layer front
position -2.463800  1.905000  size  1.981200  0.558800  orientation 0.00
drill  0.000000
shape_offset  0.000000  0.000000
$EndPAD
$PAD "3"
Shape Rect Layer front
position -2.463800  0.635000  size  1.981200  0.558800  orientation 0.00
drill  0.000000
shape_offset  0.000000  0.000000
$EndPAD
$PAD "2"
Shape Rect Layer front
position -2.463800 -0.635000  size  1.981200  0.558800  orientation 0.00
drill  0.000000
shape_offset  0.000000  0.000000
$EndPAD
$PAD "1"
Shape Rect Layer front
position -2.463800 -1.905000  size  1.981200  0.558800  orientation 0.00
drill  0.000000
shape_offset  0.000000  0.000000
$EndPAD
$EndMODULE  U203

$MODULE "e"
reference "e"
value "AD8541ARZ"
footprint "AD8541ARZ:SOIC127P600X175-8N"
attribut none
position 109.820000 79.100000  orientation 180.00
layer front
$PAD "8"
Shape Rect Layer front
position  2.463800 -1.905000  size  1.981200  0.558800  orientation 0.00
drill  0.000000
shape_offset  0.000000  0.000000
$EndPAD
$PAD "7"
Shape Rect Layer front
position  2.463800 -0.635000  size  1.981200  0.558800  orientation 0.00
drill  0.000000
shape_offset  0.000000  0.000000
$EndPAD
$PAD "6"
Shape Rect Layer front
position  2.463800  0.635000  size  1.981200  0.558800  orientation 0.00
drill  0.000000
shape_offset  0.000000  0.000000
$EndPAD
$PAD "5"
Shape Rect Layer front
position  2.463800  1.905000  size  1.981200  0.558800  orientation 0.00
drill  0.000000
shape_offset  0.000000  0.000000
$EndPAD
$PAD "4"
Shape Rect Layer front
position -2.463800  1.905000  size  1.981200  0.558800  orientation 0.00
drill  0.000000
shape_offset  0.000000  0.000000
$EndPAD
$PAD "3"
Shape Rect Layer front
position -2.463800  0.635000  size  1.981200  0.558800  orientation 0.00
drill  0.000000
shape_offset  0.000000  0.000000
$EndPAD
$PAD "2"
Shape Rect Layer front
position -2.463800 -0.635000  size  1.981200  0.558800  orientation 0.00
drill  0.000000
shape_offset  0.000000  0.000000
$EndPAD
$PAD "1"
Shape Rect Layer front
position -2.463800 -1.905000  size  1.981200  0.558800  orientation 0.00
drill  0.000000
shape_offset  0.000000  0.000000
$EndPAD
$EndMODULE  e

$MODULE "U201"
reference "U201"
value "e"
footprint "MAX5026EUT_T:SOT95P280X145-6N"
attribut none
position 79.320000 60.850000  orientation 0.00
layer front
$PAD "6"
Shape Roundrect Layer front
position  1.245000 -0.950000  size  1.220000  0.600000  orientation 0.00
drill  0.000000
shape_offset  0.000000  0.000000
$EndPAD
$PAD "5"
Shape Roundrect Layer front
position  1.245000  0.000000  size  1.220000  0.600000  orientation 0.00
drill  0.000000
shape_offset  0.000000  0.000000
$EndPAD
$PAD "4"
Shape Roundrect Layer front
position  1.245000  0.950000  size  1.220000  0.600000  orientation 0.00
drill  0.000000
shape_offset  0.000000  0.000000
$EndPAD
$PAD "3"
Shape Roundrect Layer front
position -1.245000  0.950000  size  1.220000  0.600000  orientation 0.00
drill  0.000000
shape_offset  0.000000  0.000000
$EndPAD
$PAD "2"
Shape Roundrect Layer front
position -1.245000  0.000000  size  1.220000  0.600000  orientation 0.00
drill  0.000000
shape_offset  0.000000  0.000000
$EndPAD
$PAD "1"
Shape Roundrect Layer front
position -1.245000 -0.950000  size  1.220000  0.600000  orientation 0.00
drill  0.000000
shape_offset  0.000000  0.000000
$EndPAD
$EndMODULE  U201

$MODULE "R306"
reference "R306"
value "30K"
footprint "Resistor_SMD:R_0805_2012Metric"
attribut smd
position 97.820000 71.850000  orientation 180.00
layer front
$PAD "2"
Shape Roundrect Layer front
position  0.912500  0.000000  size  1.025000  1.400000  orientation 0.00
drill  0.000000
shape_offset  0.000000  0.000000
$EndPAD
$PAD "1"
Shape Roundrect Layer front
position -0.912500  0.000000  size  1.025000  1.400000  orientation 0.00
drill  0.000000
shape_offset  0.000000  0.000000
$EndPAD
$EndMODULE  R306

$MODULE "R305"
reference "R305"
value "10K"
footprint "Resistor_SMD:R_0805_2012Metric"
attribut smd
position 103.320000 71.437500  orientation 270.00
layer front
$PAD "2"
Shape Roundrect Layer front
position  0.912500  0.000000  size  1.025000  1.400000  orientation 0.00
drill  0.000000
shape_offset  0.000000  0.000000
$EndPAD
$PAD "1"
Shape Roundrect Layer front
position -0.912500  0.000000  size  1.025000  1.400000  orientation 0.00
drill  0.000000
shape_offset  0.000000  0.000000
$EndPAD
$EndMODULE  R305

$MODULE "R304"
reference "R304"
value "10K"
footprint "Resistor_SMD:R_0805_2012Metric"
attribut smd
position 67.070000 59.100000  orientation 270.00
layer front
$PAD "2"
Shape Roundrect Layer front
position  0.912500  0.000000  size  1.025000  1.400000  orientation 0.00
drill  0.000000
shape_offset  0.000000  0.000000
$EndPAD
$PAD "1"
Shape Roundrect Layer front
position -0.912500  0.000000  size  1.025000  1.400000  orientation 0.00
drill  0.000000
shape_offset  0.000000  0.000000
$EndPAD
$EndMODULE  R304

$MODULE "R303"
reference "R303"
value "10k"
footprint "Resistor_SMD:R_0805_2012Metric"
attribut smd
position 84.070000 74.850000  orientation 90.00
layer front
$PAD "2"
Shape Roundrect Layer front
position  0.912500  0.000000  size  1.025000  1.400000  orientation 0.00
drill  0.000000
shape_offset  0.000000  0.000000
$EndPAD
$PAD "1"
Shape Roundrect Layer front
position -0.912500  0.000000  size  1.025000  1.400000  orientation 0.00
drill  0.000000
shape_offset  0.000000  0.000000
$EndPAD
$EndMODULE  R303

$MODULE "R302"
reference "R302"
value "10K"
footprint "Resistor_SMD:R_0805_2012Metric"
attribut smd
position 67.070000 63.100000  orientation 0.00
layer front
$PAD "2"
Shape Roundrect Layer front
position  0.912500  0.000000  size  1.025000  1.400000  orientation 0.00
drill  0.000000
shape_offset  0.000000  0.000000
$EndPAD
$PAD "1"
Shape Roundrect Layer front
position -0.912500  0.000000  size  1.025000  1.400000  orientation 0.00
drill  0.000000
shape_offset  0.000000  0.000000
$EndPAD
$EndMODULE  R302

$MODULE "R301"
reference "R301"
value "10K"
footprint "Resistor_SMD:R_0805_2012Metric"
attribut smd
position 78.570000 76.100000  orientation 0.00
layer front
$PAD "2"
Shape Roundrect Layer front
position  0.912500  0.000000  size  1.025000  1.400000  orientation 0.00
drill  0.000000
shape_offset  0.000000  0.000000
$EndPAD
$PAD "1"
Shape Roundrect Layer front
position -0.912500  0.000000  size  1.025000  1.400000  orientation 0.00
drill  0.000000
shape_offset  0.000000  0.000000
$EndPAD
$EndMODULE  R301

$MODULE "R211"
reference "R211"
value "9K"
footprint "Resistor_SMD:R_0805_2012Metric"
attribut smd
position 111.732500 61.100000  orientation 0.00
layer front
$PAD "2"
Shape Roundrect Layer front
position  0.912500  0.000000  size  1.025000  1.400000  orientation 0.00
drill  0.000000
shape_offset  0.000000  0.000000
$EndPAD
$PAD "1"
Shape Roundrect Layer front
position -0.912500  0.000000  size  1.025000  1.400000  orientation 0.00
drill  0.000000
shape_offset  0.000000  0.000000
$EndPAD
$EndMODULE  R211

$MODULE "R210"
reference "R210"
value "100R"
footprint "Resistor_SMD:R_0805_2012Metric"
attribut smd
position 94.232500 57.350000  orientation 180.00
layer front
$PAD "2"
Shape Roundrect Layer front
position  0.912500  0.000000  size  1.025000  1.400000  orientation 0.00
drill  0.000000
shape_offset  0.000000  0.000000
$EndPAD
$PAD "1"
Shape Roundrect Layer front
position -0.912500  0.000000  size  1.025000  1.400000  orientation 0.00
drill  0.000000
shape_offset  0.000000  0.000000
$EndPAD
$EndMODULE  R210

$MODULE "R209"
reference "R209"
value "1K"
footprint "Resistor_SMD:R_0805_2012Metric"
attribut smd
position 111.657500 63.600000  orientation 0.00
layer front
$PAD "2"
Shape Roundrect Layer front
position  0.912500  0.000000  size  1.025000  1.400000  orientation 0.00
drill  0.000000
shape_offset  0.000000  0.000000
$EndPAD
$PAD "1"
Shape Roundrect Layer front
position -0.912500  0.000000  size  1.025000  1.400000  orientation 0.00
drill  0.000000
shape_offset  0.000000  0.000000
$EndPAD
$EndMODULE  R209

$MODULE "R208"
reference "R208"
value "226K"
footprint "Resistor_SMD:R_0805_2012Metric"
attribut smd
position 88.820000 55.512500  orientation 270.00
layer front
$PAD "2"
Shape Roundrect Layer front
position  0.912500  0.000000  size  1.025000  1.400000  orientation 0.00
drill  0.000000
shape_offset  0.000000  0.000000
$EndPAD
$PAD "1"
Shape Roundrect Layer front
position -0.912500  0.000000  size  1.025000  1.400000  orientation 0.00
drill  0.000000
shape_offset  0.000000  0.000000
$EndPAD
$EndMODULE  R208

$MODULE "R207"
reference "R207"
value "226K"
footprint "Resistor_SMD:R_0805_2012Metric"
attribut smd
position 91.070000 55.600000  orientation 90.00
layer front
$PAD "2"
Shape Roundrect Layer front
position  0.912500  0.000000  size  1.025000  1.400000  orientation 0.00
drill  0.000000
shape_offset  0.000000  0.000000
$EndPAD
$PAD "1"
Shape Roundrect Layer front
position -0.912500  0.000000  size  1.025000  1.400000  orientation 0.00
drill  0.000000
shape_offset  0.000000  0.000000
$EndPAD
$EndMODULE  R207

$MODULE "R206"
reference "R206"
value "1K"
footprint "Resistor_SMD:R_0805_2012Metric"
attribut smd
position 106.070000 74.100000  orientation 0.00
layer front
$PAD "2"
Shape Roundrect Layer front
position  0.912500  0.000000  size  1.025000  1.400000  orientation 0.00
drill  0.000000
shape_offset  0.000000  0.000000
$EndPAD
$PAD "1"
Shape Roundrect Layer front
position -0.912500  0.000000  size  1.025000  1.400000  orientation 0.00
drill  0.000000
shape_offset  0.000000  0.000000
$EndPAD
$EndMODULE  R206

$MODULE "R205"
reference "R205"
value "6K98"
footprint "Resistor_SMD:R_0805_2012Metric"
attribut smd
position 106.070000 71.850000  orientation 0.00
layer front
$PAD "2"
Shape Roundrect Layer front
position  0.912500  0.000000  size  1.025000  1.400000  orientation 0.00
drill  0.000000
shape_offset  0.000000  0.000000
$EndPAD
$PAD "1"
Shape Roundrect Layer front
position -0.912500  0.000000  size  1.025000  1.400000  orientation 0.00
drill  0.000000
shape_offset  0.000000  0.000000
$EndPAD
$EndMODULE  R205

$MODULE "R204"
reference "R204"
value "10K"
footprint "Resistor_SMD:R_0805_2012Metric"
attribut smd
position 116.320000 78.600000  orientation 0.00
layer front
$PAD "2"
Shape Roundrect Layer front
position  0.912500  0.000000  size  1.025000  1.400000  orientation 0.00
drill  0.000000
shape_offset  0.000000  0.000000
$EndPAD
$PAD "1"
Shape Roundrect Layer front
position -0.912500  0.000000  size  1.025000  1.400000  orientation 0.00
drill  0.000000
shape_offset  0.000000  0.000000
$EndPAD
$EndMODULE  R204

$MODULE "R203"
reference "R203"
value "1K35"
footprint "Resistor_SMD:R_0805_2012Metric"
attribut smd
position 108.320000 84.687500  orientation 270.00
layer front
$PAD "2"
Shape Roundrect Layer front
position  0.912500  0.000000  size  1.025000  1.400000  orientation 0.00
drill  0.000000
shape_offset  0.000000  0.000000
$EndPAD
$PAD "1"
Shape Roundrect Layer front
position -0.912500  0.000000  size  1.025000  1.400000  orientation 0.00
drill  0.000000
shape_offset  0.000000  0.000000
$EndPAD
$EndMODULE  R203

$MODULE "R202"
reference "R202"
value "100K"
footprint "Resistor_SMD:R_0805_2012Metric"
attribut smd
position 104.482500 87.600000  orientation 180.00
layer front
$PAD "2"
Shape Roundrect Layer front
position  0.912500  0.000000  size  1.025000  1.400000  orientation 0.00
drill  0.000000
shape_offset  0.000000  0.000000
$EndPAD
$PAD "1"
Shape Roundrect Layer front
position -0.912500  0.000000  size  1.025000  1.400000  orientation 0.00
drill  0.000000
shape_offset  0.000000  0.000000
$EndPAD
$EndMODULE  R202

$MODULE "e"
reference "e"
value "100K"
footprint "Resistor_SMD:R_0805_2012Metric"
attribut smd
position 104.657500 83.100000  orientation 0.00
layer front
$PAD "2"
Shape Roundrect Layer front
position  0.912500  0.000000  size  1.025000  1.400000  orientation 0.00
drill  0.000000
shape_offset  0.000000  0.000000
$EndPAD
$PAD "1"
Shape Roundrect Layer front
position -0.912500  0.000000  size  1.025000  1.400000  orientation 0.00
drill  0.000000
shape_offset  0.000000  0.000000
$EndPAD
$EndMODULE  e

$MODULE "Q301"
reference "Q301"
value "NCE4614"
footprint "Package_SO:SOP-8_3.9x4.9mm_P1.27mm"
attribut smd
position 80.570000 82.100000  orientation 270.00
layer front
$PAD "8"
Shape Roundrect Layer front
position  2.625000 -1.905000  size  1.650000  0.600000  orientation 0.00
drill  0.000000
shape_offset  0.000000  0.000000
$EndPAD
$PAD "7"
Shape Roundrect Layer front
position  2.625000 -0.635000  size  1.650000  0.600000  orientation 0.00
drill  0.000000
shape_offset  0.000000  0.000000
$EndPAD
$PAD "6"
Shape Roundrect Layer front
position  2.625000  0.635000  size  1.650000  0.600000  orientation 0.00
drill  0.000000
shape_offset  0.000000  0.000000
$EndPAD
$PAD "5"
Shape Roundrect Layer front
position  2.625000  1.905000  size  1.650000  0.600000  orientation 0.00
drill  0.000000
shape_offset  0.000000  0.000000
$EndPAD
$PAD "4"
Shape Roundrect Layer front
position -2.625000  1.905000  size  1.650000  0.600000  orientation 0.00
drill  0.000000
shape_offset  0.000000  0.000000
$EndPAD
$PAD "3"
Shape Roundrect Layer front
position -2.625000  0.635000  size  1.650000  0.600000  orientation 0.00
drill  0.000000
shape_offset  0.000000  0.000000
$EndPAD
$PAD "2"
Shape Roundrect Layer front
position -2.625000 -0.635000  size  1.650000  0.600000  orientation 0.00
drill  0.000000
shape_offset  0.000000  0.000000
$EndPAD
$PAD "1"
Shape Roundrect Layer front
position -2.625000 -1.905000  size  1.650000  0.600000  orientation 0.00
drill  0.000000
shape_offset  0.000000  0.000000
$EndPAD
$EndMODULE  Q301

$MODULE "L301"
reference "L301"
value "3.9u"
footprint "Inductor_SMD:L_0603_1608Metric"
attribut smd
position 94.570000 80.350000  orientation 0.00
layer front
$PAD "2"
Shape Roundrect Layer front
position  0.787500  0.000000  size  0.875000  0.950000  orientation 0.00
drill  0.000000
shape_offset  0.000000  0.000000
$EndPAD
$PAD "1"
Shape Roundrect Layer front
position -0.787500  0.000000  size  0.875000  0.950000  orientation 0.00
drill  0.000000
shape_offset  0.000000  0.000000
$EndPAD
$EndMODULE  L301

$MODULE "L201"
reference "L201"
value "47u"
footprint "Inductor_THT:L_Axial_L14.0mm_D4.5mm_P15.24mm_Horizontal_Fastron_LACC"
attribut none
position 72.320000 67.100000  orientation 0.00
layer front
$PAD "2"
Shape Oval Layer both
position 15.240000  0.000000  size  2.000000  2.000000  orientation 0.00
drill  1.000000
shape_offset  0.000000  0.000000
$EndPAD
$PAD "1"
Shape Circle Layer both
position  0.000000  0.000000  size  2.000000  2.000000  orientation 0.00
drill  1.000000
shape_offset  0.000000  0.000000
$EndPAD
$EndMODULE  L201

$MODULE "J302"
reference "J302"
value "Conn_01x02"
footprint "Connector_JST:JST_EH_B2B-EH-A_1x02_P2.50mm_Vertical"
attribut none
position 78.070000 53.100000  orientation 270.00
layer front
$PAD "2"
Shape Oval Layer both
position  2.500000  0.000000  size  1.700000  2.000000  orientation 0.00
drill  1.000000
shape_offset  0.000000  0.000000
$EndPAD
$PAD "1"
Shape Roundrect Layer both
position  0.000000  0.000000  size  1.700000  2.000000  orientation 0.00
drill  1.000000
shape_offset  0.000000  0.000000
$EndPAD
$EndMODULE  J302

$MODULE "e"
reference "e"
value "e"
footprint "MOLEX_USB_C:Molex-213716-0001-MFG"
attribut none
position 60.345000 86.100000  orientation 0.00
layer front
$PAD "3"
Shape Roundrect Layer back
position -4.320000  1.234999  size  1.300000  2.500000  orientation 0.00
drill  0.000000
shape_offset  0.000000  0.000000
$EndPAD
$PAD "4"
Shape Roundrect Layer back
position  4.320000  1.234999  size  1.300000  2.500000  orientation 0.00
drill  0.000000
shape_offset  0.000000  0.000000
$EndPAD
$PAD "4"
Shape Roundrect Layer front
position  4.320000  1.234999  size  1.300000  2.500000  orientation 0.00
drill  0.000000
shape_offset  0.000000  0.000000
$EndPAD
$PAD "3"
Shape Roundrect Layer front
position -4.320000  1.234999  size  1.300000  2.500000  orientation 0.00
drill  0.000000
shape_offset  0.000000  0.000000
$EndPAD
$PAD "4"
Shape Roundrect Layer both
position  4.320000  1.085001  size  0.700000  1.600000  orientation 0.00
drill  1.600000
shape_offset  0.000000  0.000000
$EndPAD
$PAD "3"
Shape Roundrect Layer both
position -4.320000  1.085001  size  0.700000  1.600000  orientation 0.00
drill  1.600000
shape_offset  0.000000  0.000000
$EndPAD
$PAD "B12"
Shape Circle Layer both
position -2.975000 -2.214998  size  0.700000  0.700000  orientation 0.00
drill  0.400000
shape_offset  0.000000  0.000000
$EndPAD
$PAD "B9"
Shape Circle Layer both
position -2.125000 -2.214998  size  0.700000  0.700000  orientation 0.00
drill  0.400000
shape_offset  0.000000  0.000000
$EndPAD
$PAD "B8"
Shape Circle Layer both
position -1.275000 -2.214998  size  0.700000  0.700000  orientation 0.00
drill  0.400000
shape_offset  0.000000  0.000000
$EndPAD
$PAD "B7"
Shape Circle Layer both
position -0.425000 -2.214998  size  0.700000  0.700000  orientation 0.00
drill  0.400000
shape_offset  0.000000  0.000000
$EndPAD
$PAD "B6"
Shape Circle Layer both
position  0.425000 -2.214998  size  0.700000  0.700000  orientation 0.00
drill  0.400000
shape_offset  0.000000  0.000000
$EndPAD
$PAD "B5"
Shape Circle Layer both
position  1.275000 -2.214998  size  0.700000  0.700000  orientation 0.00
drill  0.400000
shape_offset  0.000000  0.000000
$EndPAD
$PAD "B4"
Shape Circle Layer both
position  2.125000 -2.214998  size  0.700000  0.700000  orientation 0.00
drill  0.400000
shape_offset  0.000000  0.000000
$EndPAD
$PAD "B1"
Shape Circle Layer both
position  2.975000 -2.214998  size  0.700000  0.700000  orientation 0.00
drill  0.400000
shape_offset  0.000000  0.000000
$EndPAD
$PAD "A12"
Shape Circle Layer both
position  2.975000 -3.564999  size  0.700000  0.700000  orientation 0.00
drill  0.400000
shape_offset  0.000000  0.000000
$EndPAD
$PAD "A9"
Shape Circle Layer both
position  2.125000 -3.564999  size  0.700000  0.700000  orientation 0.00
drill  0.400000
shape_offset  0.000000  0.000000
$EndPAD
$PAD "A8"
Shape Circle Layer both
position  1.275000 -3.564999  size  0.700000  0.700000  orientation 0.00
drill  0.400000
shape_offset  0.000000  0.000000
$EndPAD
$PAD "A7"
Shape Circle Layer both
position  0.425000 -3.564999  size  0.700000  0.700000  orientation 0.00
drill  0.400000
shape_offset  0.000000  0.000000
$EndPAD
$PAD "A6"
Shape Circle Layer both
position -0.425000 -3.564999  size  0.700000  0.700000  orientation 0.00
drill  0.400000
shape_offset  0.000000  0.000000
$EndPAD
$PAD "A5"
Shape Circle Layer both
position -1.275000 -3.564999  size  0.700000  0.700000  orientation 0.00
drill  0.400000
shape_offset  0.000000  0.000000
$EndPAD
$PAD "A4"
Shape Circle Layer both
position -2.125000 -3.564999  size  0.700000  0.700000  orientation 0.00
drill  0.400000
shape_offset  0.000000  0.000000
$EndPAD
$PAD "A1"
Shape Rect Layer both
position -2.975000 -3.564999  size  0.700000  0.700000  orientation 0.00
drill  0.400000
shape_offset  0.000000  0.000000
$EndPAD
$PAD "2"
Shape Roundrect Layer both
position  4.320000 -3.064999  size  1.300000  3.200000  orientation 0.00
drill  2.000000
shape_offset  0.000000  0.000000
$EndPAD
$PAD "1"
Shape Roundrect Layer both
position -4.320000 -3.064999  size  1.300000  3.200000  orientation 0.00
drill  2.000000
shape_offset  0.000000  0.000000
$EndPAD
$EndMODULE  e

$MODULE "FB301"
reference "FB301"
value "100R"
footprint "Ferrite_THT:LairdTech_28C0236-0JW-10"
attribut none
position 62.070000 77.100000  orientation 90.00
layer front
$PAD "1"
Shape Circle Layer both
position  0.000000  0.000000  size  2.000000  2.000000  orientation 0.00
drill  0.800000
shape_offset  0.000000  0.000000
$EndPAD
$PAD "2"
Shape Circle Layer both
position  5.080000  0.000000  size  2.000000  2.000000  orientation 0.00
drill  0.800000
shape_offset  0.000000  0.000000
$EndPAD
$EndMODULE  FB301

$MODULE "D303"
reference "D303"
value "MDD-SS14"
footprint "Diode_SMD:D_SMA"
attribut smd
position 100.320000 79.350000  orientation 180.00
layer front
$PAD "2"
Shape Rect Layer front
position  2.000000  0.000000  size  2.500000  1.800000  orientation 0.00
drill  0.000000
shape_offset  0.000000  0.000000
$EndPAD
$PAD "1"
Shape Rect Layer front
position -2.000000  0.000000  size  2.500000  1.800000  orientation 0.00
drill  0.000000
shape_offset  0.000000  0.000000
$EndPAD
$EndMODULE  D303

$MODULE "e"
reference "e"
value "MDD-SS14"
footprint "Diode_SMD:D_SMA"
attribut smd
position 87.570000 82.100000  orientation 270.00
layer front
$PAD "2"
Shape Rect Layer front
position  2.000000  0.000000  size  2.500000  1.800000  orientation 0.00
drill  0.000000
shape_offset  0.000000  0.000000
$EndPAD
$PAD "1"
Shape Rect Layer front
position -2.000000  0.000000  size  2.500000  1.800000  orientation 0.00
drill  0.000000
shape_offset  0.000000  0.000000
$EndPAD
$EndMODULE  e

$MODULE "D301"
reference "D301"
value "SMBJ9"
footprint "SMBJ90CA:SMB"
attribut none
position 59.911000 58.100000  orientation 270.00
layer front
$PAD "A1"
Shape Rect Layer front
position  0.000000  2.159000  size  2.108200  1.270000  orientation 0.00
drill  0.000000
shape_offset  0.000000  0.000000
$EndPAD
$PAD "A2"
Shape Rect Layer front
position  0.000000 -2.159000  size  2.108200  1.270000  orientation 0.00
drill  0.000000
shape_offset  0.000000  0.000000
$EndPAD
$EndMODULE  D301

$MODULE "D201"
reference "D201"
value "ZHCS500TA"
footprint "Package_TO_SOT_SMD:SOT-23"
attribut smd
position 84.820000 55.600000  orientation 270.00
layer front
$PAD "3"
Shape Rect Layer front
position  1.000000  0.000000  size  0.900000  0.800000  orientation 0.00
drill  0.000000
shape_offset  0.000000  0.000000
$EndPAD
$PAD "2"
Shape Rect Layer front
position -1.000000  0.950000  size  0.900000  0.800000  orientation 0.00
drill  0.000000
shape_offset  0.000000  0.000000
$EndPAD
$PAD "1"
Shape Rect Layer front
position -1.000000 -0.950000  size  0.900000  0.800000  orientation 0.00
drill  0.000000
shape_offset  0.000000  0.000000
$EndPAD
$EndMODULE  D201

$MODULE "C306"
reference "C306"
value "10u"
footprint "Capacitor_SMD:C_1206_3216Metric"
attribut smd
position 101.070000 76.100000  orientation 180.00
layer front
$PAD "2"
Shape Roundrect Layer front
position  1.475000  0.000000  size  1.150000  1.800000  orientation 0.00
drill  0.000000
shape_offset  0.000000  0.000000
$EndPAD
$PAD "1"
Shape Roundrect Layer front
position -1.475000  0.000000  size  1.150000  1.800000  orientation 0.00
drill  0.000000
shape_offset  0.000000  0.000000
$EndPAD
$EndMODULE  C306

$MODULE "C305"
reference "C305"
value "1.8n"
footprint "Capacitor_SMD:C_0805_2012Metric"
attribut smd
position 97.820000 69.600000  orientation 180.00
layer front
$PAD "2"
Shape Roundrect Layer front
position  0.950000  0.000000  size  1.000000  1.450000  orientation 0.00
drill  0.000000
shape_offset  0.000000  0.000000
$EndPAD
$PAD "1"
Shape Roundrect Layer front
position -0.950000  0.000000  size  1.000000  1.450000  orientation 0.00
drill  0.000000
shape_offset  0.000000  0.000000
$EndPAD
$EndMODULE  C305

$MODULE "C304"
reference "C304"
value "4u7"
footprint "Capacitor_SMD:C_1206_3216Metric"
attribut smd
position 73.070000 54.100000  orientation 270.00
layer front
$PAD "2"
Shape Roundrect Layer front
position  1.475000  0.000000  size  1.150000  1.800000  orientation 0.00
drill  0.000000
shape_offset  0.000000  0.000000
$EndPAD
$PAD "1"
Shape Roundrect Layer front
position -1.475000  0.000000  size  1.150000  1.800000  orientation 0.00
drill  0.000000
shape_offset  0.000000  0.000000
$EndPAD
$EndMODULE  C304

$MODULE "e"
reference "e"
value "10u"
footprint "Capacitor_SMD:C_1206_3216Metric"
attribut smd
position 91.070000 78.375000  orientation 90.00
layer front
$PAD "2"
Shape Roundrect Layer front
position  1.475000  0.000000  size  1.150000  1.800000  orientation 0.00
drill  0.000000
shape_offset  0.000000  0.000000
$EndPAD
$PAD "1"
Shape Roundrect Layer front
position -1.475000  0.000000  size  1.150000  1.800000  orientation 0.00
drill  0.000000
shape_offset  0.000000  0.000000
$EndPAD
$EndMODULE  e

$MODULE "C302"
reference "C302"
value "4u7"
footprint "Capacitor_SMD:C_1206_3216Metric"
attribut smd
position 63.070000 54.100000  orientation 180.00
layer front
$PAD "2"
Shape Roundrect Layer front
position  1.475000  0.000000  size  1.150000  1.800000  orientation 0.00
drill  0.000000
shape_offset  0.000000  0.000000
$EndPAD
$PAD "1"
Shape Roundrect Layer front
position -1.475000  0.000000  size  1.150000  1.800000  orientation 0.00
drill  0.000000
shape_offset  0.000000  0.000000
$EndPAD
$EndMODULE  C302

$MODULE "C203"
reference "C203"
value "1u"
footprint "Capacitor_SMD:C_1206_3216Metric"
attribut smd
position 93.070000 61.600000  orientation 180.00
layer front
$PAD "2"
Shape Roundrect Layer front
position  1.475000  0.000000  size  1.150000  1.800000  orientation 0.00
drill  0.000000
shape_offset  0.000000  0.000000
$EndPAD
$PAD "1"
Shape Roundrect Layer front
position -1.475000  0.000000  size  1.150000  1.800000  orientation 0.00
drill  0.000000
shape_offset  0.000000  0.000000
$EndPAD
$EndMODULE  C203

$MODULE "C202"
reference "C202"
value "1u"
footprint "Capacitor_SMD:C_1206_3216Metric"
attribut smd
position 89.845000 58.850000  orientation 180.00
layer front
$PAD "2"
Shape Roundrect Layer front
position  1.475000  0.000000  size  1.150000  1.800000  orientation 0.00
drill  0.000000
shape_offset  0.000000  0.000000
$EndPAD
$PAD "1"
Shape Roundrect Layer front
position -1.475000  0.000000  size  1.150000  1.800000  orientation 0.00
drill  0.000000
shape_offset  0.000000  0.000000
$EndPAD
$EndMODULE  C202

$MODULE "C201"
reference "C201"
value "4.7u"
footprint "Capacitor_SMD:C_0805_2012Metric"
attribut smd
position 104.570000 85.350000  orientation 180.00
layer front
$PAD "2"
Shape Roundrect Layer front
position  0.950000  0.000000  size  1.000000  1.450000  orientation 0.00
drill  0.000000
shape_offset  0.000000  0.000000
$EndPAD
$PAD "1"
Shape Roundrect Layer front
position -0.950000  0.000000  size  1.000000  1.450000  orientation 0.00
drill  0.000000
shape_offset  0.000000  0.000000
$EndPAD
$EndMODULE  C201

$MODULE "C110"
reference "C110"
value "100n"
footprint "Capacitor_SMD:C_0805_2012Metric"
attribut smd
position 108.320000 62.300000  orientation 270.00
layer front
$PAD "2"
Shape Roundrect Layer front
position  0.950000  0.000000  size  1.000000  1.450000  orientation 0.00
drill  0.000000
shape_offset  0.000000  0.000000
$EndPAD
$PAD "1"
Shape Roundrect Layer front
position -0.950000  0.000000  size  1.000000  1.450000  orientation 0.00
drill  0.000000
shape_offset  0.000000  0.000000
$EndPAD
$EndMODULE  C110

$MODULE "C109"
reference "C109"
value "100n"
footprint "Capacitor_SMD:C_0805_2012Metric"
attribut smd
position 112.320000 85.850000  orientation 90.00
layer front
$PAD "2"
Shape Roundrect Layer front
position  0.950000  0.000000  size  1.000000  1.450000  orientation 0.00
drill  0.000000
shape_offset  0.000000  0.000000
$EndPAD
$PAD "1"
Shape Roundrect Layer front
position -0.950000  0.000000  size  1.000000  1.450000  orientation 0.00
drill  0.000000
shape_offset  0.000000  0.000000
$EndPAD
$EndMODULE  C109

$MODULE "C108"
reference "C108"
value "4u7"
footprint "Capacitor_SMD:C_1206_3216Metric"
attribut smd
position 105.820000 62.375000  orientation 270.00
layer front
$PAD "2"
Shape Roundrect Layer front
position  1.475000  0.000000  size  1.150000  1.800000  orientation 0.00
drill  0.000000
shape_offset  0.000000  0.000000
$EndPAD
$PAD "1"
Shape Roundrect Layer front
position -1.475000  0.000000  size  1.150000  1.800000  orientation 0.00
drill  0.000000
shape_offset  0.000000  0.000000
$EndPAD
$EndMODULE  C108

$MODULE "C107"
reference "C107"
value "4u7"
footprint "Capacitor_SMD:C_1206_3216Metric"
attribut smd
position 115.320000 85.600000  orientation 90.00
layer front
$PAD "2"
Shape Roundrect Layer front
position  1.475000  0.000000  size  1.150000  1.800000  orientation 0.00
drill  0.000000
shape_offset  0.000000  0.000000
$EndPAD
$PAD "1"
Shape Roundrect Layer front
position -1.475000  0.000000  size  1.150000  1.800000  orientation 0.00
drill  0.000000
shape_offset  0.000000  0.000000
$EndPAD
$EndMODULE  C107

$EndDESCRIPTION
